<?xml version="1.0" encoding="UTF-8"?>
<testsuite name="com.example.homework_5.Homework5ApplicationTests" tests="1" skipped="0" failures="0" errors="0" timestamp="2022-04-04T15:37:04" hostname="maxim-HP-Pavilion-Gaming-Laptop-15-ec1xxx" time="0.259">
  <properties/>
  <testcase name="contextLoads()" classname="com.example.homework_5.Homework5ApplicationTests" time="0.259"/>
  <system-out><![CDATA[18:37:02.745 [Test worker] DEBUG org.springframework.test.context.BootstrapUtils - Instantiating CacheAwareContextLoaderDelegate from class [org.springframework.test.context.cache.DefaultCacheAwareContextLoaderDelegate]
18:37:02.755 [Test worker] DEBUG org.springframework.test.context.BootstrapUtils - Instantiating BootstrapContext using constructor [public org.springframework.test.context.support.DefaultBootstrapContext(java.lang.Class,org.springframework.test.context.CacheAwareContextLoaderDelegate)]
18:37:02.788 [Test worker] DEBUG org.springframework.test.context.BootstrapUtils - Instantiating TestContextBootstrapper for test class [com.example.homework_5.Homework5ApplicationTests] from class [org.springframework.boot.test.context.SpringBootTestContextBootstrapper]
18:37:02.800 [Test worker] INFO org.springframework.boot.test.context.SpringBootTestContextBootstrapper - Neither @ContextConfiguration nor @ContextHierarchy found for test class [com.example.homework_5.Homework5ApplicationTests], using SpringBootContextLoader
18:37:02.803 [Test worker] DEBUG org.springframework.test.context.support.AbstractContextLoader - Did not detect default resource location for test class [com.example.homework_5.Homework5ApplicationTests]: class path resource [com/example/homework_5/Homework5ApplicationTests-context.xml] does not exist
18:37:02.804 [Test worker] DEBUG org.springframework.test.context.support.AbstractContextLoader - Did not detect default resource location for test class [com.example.homework_5.Homework5ApplicationTests]: class path resource [com/example/homework_5/Homework5ApplicationTestsContext.groovy] does not exist
18:37:02.804 [Test worker] INFO org.springframework.test.context.support.AbstractContextLoader - Could not detect default resource locations for test class [com.example.homework_5.Homework5ApplicationTests]: no resource found for suffixes {-context.xml, Context.groovy}.
18:37:02.805 [Test worker] INFO org.springframework.test.context.support.AnnotationConfigContextLoaderUtils - Could not detect default configuration classes for test class [com.example.homework_5.Homework5ApplicationTests]: Homework5ApplicationTests does not declare any static, non-private, non-final, nested classes annotated with @Configuration.
18:37:02.844 [Test worker] DEBUG org.springframework.test.context.support.ActiveProfilesUtils - Could not find an 'annotation declaring class' for annotation type [org.springframework.test.context.ActiveProfiles] and class [com.example.homework_5.Homework5ApplicationTests]
18:37:02.893 [Test worker] DEBUG org.springframework.context.annotation.ClassPathScanningCandidateComponentProvider - Identified candidate component class: file [/home/maxim/IdeaProjects/kotlin_developer_basic/homework_5/build/classes/kotlin/main/com/example/homework_5/Homework5Application.class]
18:37:02.894 [Test worker] INFO org.springframework.boot.test.context.SpringBootTestContextBootstrapper - Found @SpringBootConfiguration com.example.homework_5.Homework5Application for test class com.example.homework_5.Homework5ApplicationTests
18:37:02.996 [Test worker] DEBUG org.springframework.boot.test.context.SpringBootTestContextBootstrapper - @TestExecutionListeners is not present for class [com.example.homework_5.Homework5ApplicationTests]: using defaults.
18:37:02.997 [Test worker] INFO org.springframework.boot.test.context.SpringBootTestContextBootstrapper - Loaded default TestExecutionListener class names from location [META-INF/spring.factories]: [org.springframework.boot.test.autoconfigure.restdocs.RestDocsTestExecutionListener, org.springframework.boot.test.autoconfigure.web.client.MockRestServiceServerResetTestExecutionListener, org.springframework.boot.test.autoconfigure.web.servlet.MockMvcPrintOnlyOnFailureTestExecutionListener, org.springframework.boot.test.autoconfigure.web.servlet.WebDriverTestExecutionListener, org.springframework.boot.test.autoconfigure.webservices.client.MockWebServiceServerTestExecutionListener, org.springframework.boot.test.mock.mockito.MockitoTestExecutionListener, org.springframework.boot.test.mock.mockito.ResetMocksTestExecutionListener, org.springframework.test.context.web.ServletTestExecutionListener, org.springframework.test.context.support.DirtiesContextBeforeModesTestExecutionListener, org.springframework.test.context.event.ApplicationEventsTestExecutionListener, org.springframework.test.context.support.DependencyInjectionTestExecutionListener, org.springframework.test.context.support.DirtiesContextTestExecutionListener, org.springframework.test.context.transaction.TransactionalTestExecutionListener, org.springframework.test.context.jdbc.SqlScriptsTestExecutionListener, org.springframework.test.context.event.EventPublishingTestExecutionListener]
18:37:03.010 [Test worker] DEBUG org.springframework.boot.test.context.SpringBootTestContextBootstrapper - Skipping candidate TestExecutionListener [org.springframework.test.context.transaction.TransactionalTestExecutionListener] due to a missing dependency. Specify custom listener classes or make the default listener classes and their required dependencies available. Offending class: [org/springframework/transaction/interceptor/TransactionAttributeSource]
18:37:03.010 [Test worker] DEBUG org.springframework.boot.test.context.SpringBootTestContextBootstrapper - Skipping candidate TestExecutionListener [org.springframework.test.context.jdbc.SqlScriptsTestExecutionListener] due to a missing dependency. Specify custom listener classes or make the default listener classes and their required dependencies available. Offending class: [org/springframework/transaction/interceptor/TransactionAttribute]
18:37:03.011 [Test worker] INFO org.springframework.boot.test.context.SpringBootTestContextBootstrapper - Using TestExecutionListeners: [org.springframework.test.context.web.ServletTestExecutionListener@2ca47471, org.springframework.test.context.support.DirtiesContextBeforeModesTestExecutionListener@5a021cb9, org.springframework.test.context.event.ApplicationEventsTestExecutionListener@51768776, org.springframework.boot.test.mock.mockito.MockitoTestExecutionListener@f31c0c6, org.springframework.boot.test.autoconfigure.SpringBootDependencyInjectionTestExecutionListener@b93aad, org.springframework.test.context.support.DirtiesContextTestExecutionListener@4a9419d7, org.springframework.test.context.event.EventPublishingTestExecutionListener@2f3c6ac4, org.springframework.boot.test.autoconfigure.restdocs.RestDocsTestExecutionListener@2e8ab815, org.springframework.boot.test.autoconfigure.web.client.MockRestServiceServerResetTestExecutionListener@67af833b, org.springframework.boot.test.autoconfigure.web.servlet.MockMvcPrintOnlyOnFailureTestExecutionListener@d1f74b8, org.springframework.boot.test.autoconfigure.web.servlet.WebDriverTestExecutionListener@41394595, org.springframework.boot.test.autoconfigure.webservices.client.MockWebServiceServerTestExecutionListener@3a0807b7, org.springframework.boot.test.mock.mockito.ResetMocksTestExecutionListener@21a5fd96]
18:37:03.018 [Test worker] DEBUG org.springframework.test.context.support.AbstractDirtiesContextTestExecutionListener - Before test class: context [DefaultTestContext@40f33492 testClass = Homework5ApplicationTests, testInstance = [null], testMethod = [null], testException = [null], mergedContextConfiguration = [WebMergedContextConfiguration@4fbdc0f0 testClass = Homework5ApplicationTests, locations = '{}', classes = '{class com.example.homework_5.Homework5Application}', contextInitializerClasses = '[]', activeProfiles = '{}', propertySourceLocations = '{}', propertySourceProperties = '{org.springframework.boot.test.context.SpringBootTestContextBootstrapper=true}', contextCustomizers = set[org.springframework.boot.test.autoconfigure.actuate.metrics.MetricsExportContextCustomizerFactory$DisableMetricExportContextCustomizer@4e70a728, org.springframework.boot.test.autoconfigure.properties.PropertyMappingContextCustomizer@0, org.springframework.boot.test.autoconfigure.web.servlet.WebDriverContextCustomizerFactory$Customizer@5c18016b, org.springframework.boot.test.context.filter.ExcludeFilterContextCustomizer@e98770d, org.springframework.boot.test.json.DuplicateJsonObjectContextCustomizerFactory$DuplicateJsonObjectContextCustomizer@7c098bb3, org.springframework.boot.test.mock.mockito.MockitoContextCustomizer@0, org.springframework.boot.test.web.client.TestRestTemplateContextCustomizer@40f70521, org.springframework.boot.test.context.SpringBootTestArgs@1, org.springframework.boot.test.context.SpringBootTestWebEnvironment@508dec2b], resourceBasePath = 'src/main/webapp', contextLoader = 'org.springframework.boot.test.context.SpringBootContextLoader', parent = [null]], attributes = map['org.springframework.test.context.web.ServletTestExecutionListener.activateListener' -> true]], class annotated with @DirtiesContext [false] with mode [null].

  .   ____          _            __ _ _
 /\\ / ___'_ __ _ _(_)_ __  __ _ \ \ \ \
( ( )\___ | '_ | '_| | '_ \/ _` | \ \ \ \
 \\/  ___)| |_)| | | | | || (_| |  ) ) ) )
  '  |____| .__|_| |_|_| |_\__, | / / / /
 =========|_|==============|___/=/_/_/_/
 :: Spring Boot ::                (v2.6.6)

2022-04-04 18:37:03.313  INFO 36519 --- [    Test worker] c.e.h.Homework5ApplicationTests          : Starting Homework5ApplicationTests using Java 11.0.14.1 on maxim-HP-Pavilion-Gaming-Laptop-15-ec1xxx with PID 36519 (started by maxim in /home/maxim/IdeaProjects/kotlin_developer_basic/homework_5)
2022-04-04 18:37:03.314  INFO 36519 --- [    Test worker] c.e.h.Homework5ApplicationTests          : No active profile set, falling back to 1 default profile: "default"
2022-04-04 18:37:04.463  INFO 36519 --- [    Test worker] c.e.h.Homework5ApplicationTests          : Started Homework5ApplicationTests in 1.412 seconds (JVM running for 2.467)
]]></system-out>
  <system-err><![CDATA[]]></system-err>
</testsuite>
